<?xml version="1.0" encoding="UTF-8"?>
<testsuite xmlns:xsi="http://www.w3.org/2001/XMLSchema-instance" xsi:noNamespaceSchemaLocation="https://maven.apache.org/surefire/maven-surefire-plugin/xsd/surefire-test-report-3.0.xsd" version="3.0" name="com.skillstorm.AgeValidatorTest" time="0.284" tests="3" errors="0" skipped="0" failures="0">
  <properties>
    <property name="sonar.projectName" value="age-validator"/>
    <property name="java.specification.version" value="17"/>
    <property name="sun.cpu.isalist" value="amd64"/>
    <property name="sonar.login" value="sqp_0ce58b3058fbda6d3999f1c53e2822c3937e302d"/>
    <property name="sonar.host.url" value="http://localhost:9000"/>
    <property name="sun.jnu.encoding" value="Cp1252"/>
    <property name="java.class.path" value="C:\Users\cahumada\OneDrive - SkillStorm\Java\Batch\20240708-Java-SDET\Java\Day3\age-validator\target\test-classes;C:\Users\cahumada\OneDrive - SkillStorm\Java\Batch\20240708-Java-SDET\Java\Day3\age-validator\target\classes;C:\Users\cahumada\.m2\repository\junit\junit\4.13.2\junit-4.13.2.jar;C:\Users\cahumada\.m2\repository\org\hamcrest\hamcrest-core\1.3\hamcrest-core-1.3.jar;C:\Users\cahumada\.m2\repository\org\jacoco\jacoco-maven-plugin\0.8.12\jacoco-maven-plugin-0.8.12.jar;C:\Users\cahumada\.m2\repository\org\codehaus\plexus\plexus-utils\3.0.24\plexus-utils-3.0.24.jar;C:\Users\cahumada\.m2\repository\org\apache\maven\shared\file-management\3.1.0\file-management-3.1.0.jar;C:\Users\cahumada\.m2\repository\org\slf4j\slf4j-api\1.7.36\slf4j-api-1.7.36.jar;C:\Users\cahumada\.m2\repository\commons-io\commons-io\2.11.0\commons-io-2.11.0.jar;C:\Users\cahumada\.m2\repository\org\apache\maven\reporting\maven-reporting-api\3.0\maven-reporting-api-3.0.jar;C:\Users\cahumada\.m2\repository\org\apache\maven\doxia\doxia-sink-api\1.0\doxia-sink-api-1.0.jar;C:\Users\cahumada\.m2\repository\org\jacoco\org.jacoco.agent\0.8.12\org.jacoco.agent-0.8.12-runtime.jar;C:\Users\cahumada\.m2\repository\org\jacoco\org.jacoco.core\0.8.12\org.jacoco.core-0.8.12.jar;C:\Users\cahumada\.m2\repository\org\ow2\asm\asm\9.7\asm-9.7.jar;C:\Users\cahumada\.m2\repository\org\ow2\asm\asm-commons\9.7\asm-commons-9.7.jar;C:\Users\cahumada\.m2\repository\org\ow2\asm\asm-tree\9.7\asm-tree-9.7.jar;C:\Users\cahumada\.m2\repository\org\jacoco\org.jacoco.report\0.8.12\org.jacoco.report-0.8.12.jar;C:\Users\cahumada\.m2\repository\org\sonarsource\scanner\maven\sonar-maven-plugin\4.0.0.4121\sonar-maven-plugin-4.0.0.4121.jar;C:\Users\cahumada\.m2\repository\org\sonatype\plexus\plexus-sec-dispatcher\1.4\plexus-sec-dispatcher-1.4.jar;C:\Users\cahumada\.m2\repository\org\sonatype\plexus\plexus-cipher\1.4\plexus-cipher-1.4.jar;C:\Users\cahumada\.m2\repository\org\sonarsource\scanner\api\sonar-scanner-api\2.16.3.1081\sonar-scanner-api-2.16.3.1081.jar;C:\Users\cahumada\.m2\repository\commons-lang\commons-lang\2.6\commons-lang-2.6.jar;"/>
    <property name="java.vm.vendor" value="Oracle Corporation"/>
    <property name="sun.arch.data.model" value="64"/>
    <property name="user.variant" value=""/>
    <property name="java.vendor.url" value="https://java.oracle.com/"/>
    <property name="user.timezone" value="America/New_York"/>
    <property name="os.name" value="Windows 11"/>
    <property name="java.vm.specification.version" value="17"/>
    <property name="sun.java.launcher" value="SUN_STANDARD"/>
    <property name="user.country" value="US"/>
    <property name="sun.boot.library.path" value="C:\Program Files\Java\jdk-17\bin"/>
    <property name="sun.java.command" value="C:\Users\cahumada\AppData\Local\Temp\surefire11424540663329713459\surefirebooter-20240823103226510_3.jar C:\Users\cahumada\AppData\Local\Temp\surefire11424540663329713459 2024-08-23T10-32-26_176-jvmRun1 surefire-20240823103226510_1tmp surefire_0-20240823103226510_2tmp"/>
    <property name="jdk.debug" value="release"/>
    <property name="surefire.test.class.path" value="C:\Users\cahumada\OneDrive - SkillStorm\Java\Batch\20240708-Java-SDET\Java\Day3\age-validator\target\test-classes;C:\Users\cahumada\OneDrive - SkillStorm\Java\Batch\20240708-Java-SDET\Java\Day3\age-validator\target\classes;C:\Users\cahumada\.m2\repository\junit\junit\4.13.2\junit-4.13.2.jar;C:\Users\cahumada\.m2\repository\org\hamcrest\hamcrest-core\1.3\hamcrest-core-1.3.jar;C:\Users\cahumada\.m2\repository\org\jacoco\jacoco-maven-plugin\0.8.12\jacoco-maven-plugin-0.8.12.jar;C:\Users\cahumada\.m2\repository\org\codehaus\plexus\plexus-utils\3.0.24\plexus-utils-3.0.24.jar;C:\Users\cahumada\.m2\repository\org\apache\maven\shared\file-management\3.1.0\file-management-3.1.0.jar;C:\Users\cahumada\.m2\repository\org\slf4j\slf4j-api\1.7.36\slf4j-api-1.7.36.jar;C:\Users\cahumada\.m2\repository\commons-io\commons-io\2.11.0\commons-io-2.11.0.jar;C:\Users\cahumada\.m2\repository\org\apache\maven\reporting\maven-reporting-api\3.0\maven-reporting-api-3.0.jar;C:\Users\cahumada\.m2\repository\org\apache\maven\doxia\doxia-sink-api\1.0\doxia-sink-api-1.0.jar;C:\Users\cahumada\.m2\repository\org\jacoco\org.jacoco.agent\0.8.12\org.jacoco.agent-0.8.12-runtime.jar;C:\Users\cahumada\.m2\repository\org\jacoco\org.jacoco.core\0.8.12\org.jacoco.core-0.8.12.jar;C:\Users\cahumada\.m2\repository\org\ow2\asm\asm\9.7\asm-9.7.jar;C:\Users\cahumada\.m2\repository\org\ow2\asm\asm-commons\9.7\asm-commons-9.7.jar;C:\Users\cahumada\.m2\repository\org\ow2\asm\asm-tree\9.7\asm-tree-9.7.jar;C:\Users\cahumada\.m2\repository\org\jacoco\org.jacoco.report\0.8.12\org.jacoco.report-0.8.12.jar;C:\Users\cahumada\.m2\repository\org\sonarsource\scanner\maven\sonar-maven-plugin\4.0.0.4121\sonar-maven-plugin-4.0.0.4121.jar;C:\Users\cahumada\.m2\repository\org\sonatype\plexus\plexus-sec-dispatcher\1.4\plexus-sec-dispatcher-1.4.jar;C:\Users\cahumada\.m2\repository\org\sonatype\plexus\plexus-cipher\1.4\plexus-cipher-1.4.jar;C:\Users\cahumada\.m2\repository\org\sonarsource\scanner\api\sonar-scanner-api\2.16.3.1081\sonar-scanner-api-2.16.3.1081.jar;C:\Users\cahumada\.m2\repository\commons-lang\commons-lang\2.6\commons-lang-2.6.jar;"/>
    <property name="sun.cpu.endian" value="little"/>
    <property name="user.home" value="C:\Users\cahumada"/>
    <property name="user.language" value="en"/>
    <property name="java.specification.vendor" value="Oracle Corporation"/>
    <property name="java.version.date" value="2024-01-16"/>
    <property name="java.home" value="C:\Program Files\Java\jdk-17"/>
    <property name="file.separator" value="\"/>
    <property name="basedir" value="C:\Users\cahumada\OneDrive - SkillStorm\Java\Batch\20240708-Java-SDET\Java\Day3\age-validator"/>
    <property name="java.vm.compressedOopsMode" value="Zero based"/>
    <property name="line.separator" value="&#10;"/>
    <property name="java.vm.specification.vendor" value="Oracle Corporation"/>
    <property name="java.specification.name" value="Java Platform API Specification"/>
    <property name="surefire.real.class.path" value="C:\Users\cahumada\AppData\Local\Temp\surefire11424540663329713459\surefirebooter-20240823103226510_3.jar"/>
    <property name="user.script" value=""/>
    <property name="sun.management.compiler" value="HotSpot 64-Bit Tiered Compilers"/>
    <property name="java.runtime.version" value="17.0.10+11-LTS-240"/>
    <property name="user.name" value="cahumada"/>
    <property name="path.separator" value=";"/>
    <property name="os.version" value="10.0"/>
    <property name="java.runtime.name" value="Java(TM) SE Runtime Environment"/>
    <property name="file.encoding" value="Cp1252"/>
    <property name="java.vm.name" value="Java HotSpot(TM) 64-Bit Server VM"/>
    <property name="localRepository" value="C:\Users\cahumada\.m2\repository"/>
    <property name="java.vendor.url.bug" value="https://bugreport.java.com/bugreport/"/>
    <property name="java.io.tmpdir" value="C:\Users\cahumada\AppData\Local\Temp\"/>
    <property name="java.version" value="17.0.10"/>
    <property name="user.dir" value="C:\Users\cahumada\OneDrive - SkillStorm\Java\Batch\20240708-Java-SDET\Java\Day3\age-validator"/>
    <property name="os.arch" value="amd64"/>
    <property name="java.vm.specification.name" value="Java Virtual Machine Specification"/>
    <property name="sun.os.patch.level" value=""/>
    <property name="native.encoding" value="Cp1252"/>
    <property name="sonar.projectKey" value="age-validator"/>
    <property name="java.library.path" value="C:\Program Files\Java\jdk-17\bin;C:\WINDOWS\Sun\Java\bin;C:\WINDOWS\system32;C:\WINDOWS;C:\Program Files\WindowsApps\Microsoft.PowerShell_7.4.5.0_x64__8wekyb3d8bbwe;C:\Program Files\Java\jdk-17\bin;C:\Program Files\Java\jdk1.8.0_202\bin;C:\Python312\Scripts\;C:\Python312\;C:\Windows\system32;C:\Windows;C:\Windows\System32\Wbem;C:\Windows\System32\WindowsPowerShell\v1.0\;C:\Windows\System32\OpenSSH\;C:\Program Files (x86)\NVIDIA Corporation\PhysX\Common;C:\Program Files\dotnet\;C:\WINDOWS\system32;C:\WINDOWS;C:\WINDOWS\System32\Wbem;C:\WINDOWS\System32\WindowsPowerShell\v1.0\;C:\WINDOWS\System32\OpenSSH\;C:\Program Files\Amazon\AWSCLIV2\;C:\ProgramData\chocolatey\bin;C:\Program Files\Docker\Docker\resources\bin;C:\minikube;C:\Program Files\nodejs\;C:\Program Files\apache-maven-3.9.3\bin;C:\Users\cahumada\AppData\Local\Microsoft\WindowsApps;C:\Users\cahumada\AppData\Local\Programs\Microsoft VS Code\bin;C:\Users\cahumada\AppData\Local\Programs\oh-my-posh\bin;C:\Users\cahumada\AppData\Local\Programs\Git\cmd;C:\Users\cahumada\AppData\Roaming\Python\Python312\;C:\Users\cahumada\AppData\Roaming\Python\Python312\Scripts\;c:\users\cahumada\.local\bin;C:\Users\cahumada\.ebcli-virtual-env\executables;C:\Program Files\sfdx\bin;C:\Users\cahumada\AppData\Local\GitHubDesktop\bin;C:\Users\cahumada\AppData\Roaming\npm;."/>
    <property name="java.vm.info" value="mixed mode, sharing"/>
    <property name="java.vendor" value="Oracle Corporation"/>
    <property name="java.vm.version" value="17.0.10+11-LTS-240"/>
    <property name="sun.io.unicode.encoding" value="UnicodeLittle"/>
    <property name="java.class.version" value="61.0"/>
  </properties>
  <testcase name="testOldEnoughToPurchaseAlcohol" classname="com.skillstorm.AgeValidatorTest" time="0.022">
    <system-out><![CDATA[Kirk is old enough to vote.
]]></system-out>
  </testcase>
  <testcase name="testOldEnoughToVote" classname="com.skillstorm.AgeValidatorTest" time="0.0"/>
  <testcase name="testOldEnoughToDrive" classname="com.skillstorm.AgeValidatorTest" time="0.016">
    <system-out><![CDATA[Not old enough!
]]></system-out>
  </testcase>
</testsuite>